
=== Mon May 27 16:44:21 2019

Packages were changed.
Update Mode: updateDependencies

The following packages were added:
  com.unity.collab-proxy@1.2.15
The following packages were updated:
  com.unity.package-manager-ui from version 1.9.11 to 2.0.7

=== Mon Jul  5 13:36:03 2021

Packages were changed.
Update Mode: updateDependencies

The following packages were added:
  com.unity.2d.sprite@1.0.0
  com.unity.2d.tilemap@1.0.0
  com.unity.ide.rider@2.0.7
  com.unity.ide.visualstudio@2.0.9
  com.unity.ide.vscode@1.2.3
  com.unity.modules.androidjni@1.0.0
  com.unity.test-framework@1.1.26
  com.unity.timeline@1.4.8
  com.unity.ugui@1.0.0
  com.unity.xr.legacyinputhelpers@2.1.7
The following packages were removed:
  com.unity.package-manager-ui@2.0.7
